TN:
SF:app.js
FNF:0
FNH:0
DA:1,2
DA:3,2
DA:4,2
DA:5,2
DA:6,2
DA:8,2
DA:10,2
DA:12,2
DA:13,0
DA:15,2
DA:16,2
DA:18,2
LF:12
LH:11
BRDA:12,0,0,0
BRDA:12,0,1,2
BRF:2
BRH:1
end_of_record
TN:
SF:config/database.js
FN:13,connectDB
FNF:1
FNH:1
FNDA:2,connectDB
DA:1,2
DA:3,2
DA:5,2
DA:7,2
DA:8,2
DA:10,0
DA:14,2
DA:15,2
DA:17,2
DA:19,0
DA:20,0
DA:24,2
DA:26,2
LF:13
LH:10
BRDA:7,0,0,2
BRDA:7,0,1,0
BRF:2
BRH:1
end_of_record
TN:
SF:src/api/users/users.model.js
FN:33,(anonymous_0)
FN:41,(anonymous_1)
FN:58,(anonymous_2)
FNF:3
FNH:3
FNDA:5,(anonymous_0)
FNDA:5,(anonymous_1)
FNDA:1,(anonymous_2)
DA:1,2
DA:2,2
DA:4,2
DA:33,2
DA:34,5
DA:36,5
DA:38,5
DA:41,2
DA:42,5
DA:43,5
DA:44,5
DA:45,1
DA:48,4
DA:49,4
DA:51,4
DA:52,4
DA:54,0
DA:58,2
DA:59,1
DA:60,1
DA:61,1
DA:63,0
DA:67,2
LF:23
LH:21
BRDA:44,0,0,1
BRDA:44,0,1,4
BRF:2
BRH:2
end_of_record
TN:
SF:src/api/users/users.service.js
FN:5,(anonymous_0)
FN:10,(anonymous_1)
FN:15,(anonymous_2)
FN:24,(anonymous_3)
FNF:4
FNH:4
FNDA:1,(anonymous_0)
FNDA:1,(anonymous_1)
FNDA:4,(anonymous_2)
FNDA:3,(anonymous_3)
DA:1,2
DA:2,2
DA:3,2
DA:5,2
DA:6,1
DA:7,1
DA:10,2
DA:11,1
DA:12,0
DA:15,2
DA:16,4
DA:17,1
DA:18,1
DA:20,1
DA:21,1
DA:24,2
DA:25,3
DA:30,3
DA:33,2
LF:19
LH:18
BRF:0
BRH:0
end_of_record
TN:
SF:src/test/testHelpers/testHelpers.js
FNF:0
FNH:0
DA:1,1
DA:14,1
DA:25,1
DA:39,1
LF:4
LH:4
BRF:0
BRH:0
end_of_record
